2025-09-03T08:29:28.285+03:00  INFO 5592 --- [studentsproject] [main] c.s.s.StudentsprojectApplication         : Starting StudentsprojectApplication using Java 17.0.16 with PID 5592 (C:\Users\DELL\Desktop\Students\studentsproject\target\classes started by DELL in C:\Users\DELL\Desktop\Students\studentsproject)
2025-09-03T08:29:28.303+03:00  INFO 5592 --- [studentsproject] [main] c.s.s.StudentsprojectApplication         : No active profile set, falling back to 1 default profile: "default"
2025-09-03T08:29:30.286+03:00  INFO 5592 --- [studentsproject] [main] .s.d.r.c.RepositoryConfigurationDelegate : Bootstrapping Spring Data JPA repositories in DEFAULT mode.
2025-09-03T08:29:30.468+03:00  INFO 5592 --- [studentsproject] [main] .s.d.r.c.RepositoryConfigurationDelegate : Finished Spring Data repository scanning in 151 ms. Found 1 JPA repository interface.
2025-09-03T08:29:32.621+03:00  INFO 5592 --- [studentsproject] [main] o.s.b.w.embedded.tomcat.TomcatWebServer  : Tomcat initialized with port 8080 (http)
2025-09-03T08:29:32.681+03:00  INFO 5592 --- [studentsproject] [main] o.apache.catalina.core.StandardService   : Starting service [Tomcat]
2025-09-03T08:29:32.681+03:00  INFO 5592 --- [studentsproject] [main] o.apache.catalina.core.StandardEngine    : Starting Servlet engine: [Apache Tomcat/10.1.43]
2025-09-03T08:29:32.932+03:00  INFO 5592 --- [studentsproject] [main] o.a.c.c.C.[Tomcat].[localhost].[/]       : Initializing Spring embedded WebApplicationContext
2025-09-03T08:29:32.932+03:00  INFO 5592 --- [studentsproject] [main] w.s.c.ServletWebServerApplicationContext : Root WebApplicationContext: initialization completed in 4445 ms
2025-09-03T08:29:33.352+03:00  INFO 5592 --- [studentsproject] [main] o.hibernate.jpa.internal.util.LogHelper  : HHH000204: Processing PersistenceUnitInfo [name: default]
2025-09-03T08:29:33.540+03:00  INFO 5592 --- [studentsproject] [main] org.hibernate.Version                    : HHH000412: Hibernate ORM core version 6.6.22.Final
2025-09-03T08:29:33.658+03:00  INFO 5592 --- [studentsproject] [main] o.h.c.internal.RegionFactoryInitiator    : HHH000026: Second-level cache disabled
2025-09-03T08:29:34.548+03:00  INFO 5592 --- [studentsproject] [main] o.s.o.j.p.SpringPersistenceUnitInfo      : No LoadTimeWeaver setup: ignoring JPA class transformer
2025-09-03T08:29:34.714+03:00  INFO 5592 --- [studentsproject] [main] com.zaxxer.hikari.HikariDataSource       : HikariPool-1 - Starting...
2025-09-03T08:29:36.039+03:00  INFO 5592 --- [studentsproject] [main] com.zaxxer.hikari.pool.HikariPool        : HikariPool-1 - Added connection org.postgresql.jdbc.PgConnection@5d717f19
2025-09-03T08:29:36.039+03:00  INFO 5592 --- [studentsproject] [main] com.zaxxer.hikari.HikariDataSource       : HikariPool-1 - Start completed.
2025-09-03T08:29:36.242+03:00  WARN 5592 --- [studentsproject] [main] org.hibernate.orm.deprecation            : HHH90000025: PostgreSQLDialect does not need to be specified explicitly using 'hibernate.dialect' (remove the property setting and it will be selected by default)
2025-09-03T08:29:36.341+03:00  INFO 5592 --- [studentsproject] [main] org.hibernate.orm.connections.pooling    : HHH10001005: Database info:
	Database JDBC URL [Connecting through datasource 'HikariDataSource (HikariPool-1)']
	Database driver: undefined/unknown
	Database version: 17.6
	Autocommit mode: undefined/unknown
	Isolation level: undefined/unknown
	Minimum pool size: undefined/unknown
	Maximum pool size: undefined/unknown
2025-09-03T08:29:39.712+03:00  INFO 5592 --- [studentsproject] [main] o.h.e.t.j.p.i.JtaPlatformInitiator       : HHH000489: No JTA platform available (set 'hibernate.transaction.jta.platform' to enable JTA platform integration)
2025-09-03T08:29:39.922+03:00  INFO 5592 --- [studentsproject] [main] j.LocalContainerEntityManagerFactoryBean : Initialized JPA EntityManagerFactory for persistence unit 'default'
2025-09-03T08:29:40.682+03:00  WARN 5592 --- [studentsproject] [main] JpaBaseConfiguration$JpaWebConfiguration : spring.jpa.open-in-view is enabled by default. Therefore, database queries may be performed during view rendering. Explicitly configure spring.jpa.open-in-view to disable this warning
2025-09-03T08:29:41.522+03:00  INFO 5592 --- [studentsproject] [main] o.s.b.w.embedded.tomcat.TomcatWebServer  : Tomcat started on port 8080 (http) with context path '/'
2025-09-03T08:29:41.547+03:00  INFO 5592 --- [studentsproject] [main] c.s.s.StudentsprojectApplication         : Started StudentsprojectApplication in 14.793 seconds (process running for 15.785)
2025-09-03T08:30:23.149+03:00  INFO 5592 --- [studentsproject] [http-nio-8080-exec-1] o.a.c.c.C.[Tomcat].[localhost].[/]       : Initializing Spring DispatcherServlet 'dispatcherServlet'
2025-09-03T08:30:23.149+03:00  INFO 5592 --- [studentsproject] [http-nio-8080-exec-1] o.s.web.servlet.DispatcherServlet        : Initializing Servlet 'dispatcherServlet'
2025-09-03T08:30:23.149+03:00  INFO 5592 --- [studentsproject] [http-nio-8080-exec-1] o.s.web.servlet.DispatcherServlet        : Completed initialization in 0 ms
2025-09-03T08:30:24.227+03:00  WARN 5592 --- [studentsproject] [http-nio-8080-exec-1] ration$PageModule$WarningLoggingModifier : Serializing PageImpl instances as-is is not supported, meaning that there is no guarantee about the stability of the resulting JSON structure!
	For a stable JSON structure, please use Spring Data's PagedModel (globally via @EnableSpringDataWebSupport(pageSerializationMode = VIA_DTO))
	or Spring HATEOAS and Spring Data's PagedResourcesAssembler as documented in https://docs.spring.io/spring-data/commons/reference/repositories/core-extensions.html#core.web.pageables.

2025-09-03T08:31:30.817+03:00  INFO 5592 --- [studentsproject] [http-nio-8080-exec-5] c.s.studentsproject.util.TimeUtil        : Task: Excel Generation
2025-09-03T08:31:30.817+03:00  INFO 5592 --- [studentsproject] [http-nio-8080-exec-5] c.s.studentsproject.util.TimeUtil        : Number of students processed: 1000000
2025-09-03T08:31:30.817+03:00  INFO 5592 --- [studentsproject] [http-nio-8080-exec-5] c.s.studentsproject.util.TimeUtil        : Duration: 44.694 seconds
2025-09-03T08:31:30.817+03:00  INFO 5592 --- [studentsproject] [http-nio-8080-exec-5] c.s.studentsproject.util.TimeUtil        : Duration (rounded): 1 minutes (for report)
2025-09-03T08:34:53.957+03:00  INFO 5592 --- [studentsproject] [http-nio-8080-exec-6] c.s.studentsproject.util.TimeUtil        : Task: Excel to CSV conversion
2025-09-03T08:34:53.957+03:00  INFO 5592 --- [studentsproject] [http-nio-8080-exec-6] c.s.studentsproject.util.TimeUtil        : Number of students processed: 1000000
2025-09-03T08:34:53.957+03:00  INFO 5592 --- [studentsproject] [http-nio-8080-exec-6] c.s.studentsproject.util.TimeUtil        : Duration: 160.088 seconds
2025-09-03T08:34:53.957+03:00  INFO 5592 --- [studentsproject] [http-nio-8080-exec-6] c.s.studentsproject.util.TimeUtil        : Duration (rounded): 3 minutes (for report)
2025-09-03T08:35:49.524+03:00  INFO 5592 --- [studentsproject] [http-nio-8080-exec-7] c.s.studentsproject.util.TimeUtil        : Task: CSV Upload
2025-09-03T08:35:49.525+03:00  INFO 5592 --- [studentsproject] [http-nio-8080-exec-7] c.s.studentsproject.util.TimeUtil        : Number of students processed: 1000000
2025-09-03T08:35:49.526+03:00  INFO 5592 --- [studentsproject] [http-nio-8080-exec-7] c.s.studentsproject.util.TimeUtil        : Duration: 15.238 seconds
2025-09-03T08:35:49.526+03:00  INFO 5592 --- [studentsproject] [http-nio-8080-exec-7] c.s.studentsproject.util.TimeUtil        : Duration (rounded): 0 minutes (for report)
